[14 Jul 2019 15:41:00] AZURE WORLDS
[14 Jul 2019 15:41:00] © 2019 avant-gardé eyes
[14 Jul 2019 15:41:00] Initalizing...
[14 Jul 2019 15:41:00] Debug display: 1
[14 Jul 2019 15:41:00] Window size X: 1288
[14 Jul 2019 15:41:00] Window size Y: 960
[14 Jul 2019 15:41:00] Graphics size X 1031
[14 Jul 2019 15:41:00] Graphics size Y 720
[14 Jul 2019 15:41:00] Default world size X 4000
[14 Jul 2019 15:41:00] Default world size Y 1500
[14 Jul 2019 15:41:00] Intro image: Engine/NonInstanceTextures/avantgarde.png
[14 Jul 2019 15:41:00] Intro display time: 7500
[14 Jul 2019 15:41:00] Title: avant-gardé eyes presents Azure Worlds
[14 Jul 2019 15:41:00] Initalized AzInstanceList.
[14 Jul 2019 15:41:00] Initalized AzInstanceIdList.
[14 Jul 2019 15:41:00] Initalized AzWindowExplorerList.
[14 Jul 2019 15:41:00] Created timer...
[14 Jul 2019 15:41:00] Initalising intro graphics
[14 Jul 2019 15:41:01] Displayed images.
[14 Jul 2019 15:41:08] Intro done. Ending graphics...
[14 Jul 2019 15:41:08] Destroying image..
[14 Jul 2019 15:41:08] UI initalising...
[14 Jul 2019 15:41:08] Registering Instance IDs...
[14 Jul 2019 15:41:08] Registered ID 0 with name Block
[14 Jul 2019 15:41:08] Registered ID 1 with name CircleBlock
[14 Jul 2019 15:41:08] Init done.
[14 Jul 2019 15:41:40] Recolouring instance currently with colour 255,255,255 to 255,255,255
[14 Jul 2019 15:41:48] Recolouring instance currently with colour 255,255,255 to 85,0,77
[14 Jul 2019 15:50:58] Recolouring instance currently with colour 255,255,255 to 255,255,255
[14 Jul 2019 15:51:06] Recolouring instance currently with colour 255,255,255 to 65,34,236
